  main.cpp
C:\Programowanie5\Arkanoid\Player.hpp(13,18): warning C4244: "=": konwersja z "float" do "int", możliwa utrata danych
C:\Programowanie5\Arkanoid\Booster.hpp(15,1): warning C4305: "=": obcięcie z "double" do "float"
C:\Programowanie5\Arkanoid\Booster.hpp(16,44): warning C4244: "=": konwersja z "int" do "float", możliwa utrata danych
C:\Programowanie5\Arkanoid\Booster.hpp(39,44): warning C4244: "=": konwersja z "int" do "float", możliwa utrata danych
C:\Programowanie5\Arkanoid\generateLevel.hpp(16,31): warning C4244: "argument": konwersja z "int" do "float", możliwa utrata danych
C:\Programowanie5\Arkanoid\generateLevel.hpp(44,31): warning C4244: "argument": konwersja z "int" do "float", możliwa utrata danych
C:\Programowanie5\Arkanoid\generateLevel.hpp(45,30): warning C4244: "argument": konwersja z "int" do "float", możliwa utrata danych
C:\Programowanie5\Arkanoid\generateLevel.hpp(68,31): warning C4244: "argument": konwersja z "int" do "float", możliwa utrata danych
C:\Programowanie5\Arkanoid\generateLevel.hpp(69,30): warning C4244: "argument": konwersja z "int" do "float", możliwa utrata danych
C:\Programowanie5\Arkanoid\Board.hpp(67,26): warning C4305: "inicjowanie": obcięcie z "double" do "float"
C:\Programowanie5\Arkanoid\Board.hpp(81,69): warning C4244: "argument": konwersja z "float" do "int", możliwa utrata danych
C:\Programowanie5\Arkanoid\Board.hpp(81,49): warning C4244: "argument": konwersja z "float" do "int", możliwa utrata danych
C:\Programowanie5\Arkanoid\Board.hpp(83,69): warning C4244: "argument": konwersja z "float" do "int", możliwa utrata danych
C:\Programowanie5\Arkanoid\Board.hpp(83,49): warning C4244: "argument": konwersja z "float" do "int", możliwa utrata danych
C:\Programowanie5\Arkanoid\Board.hpp(85,69): warning C4244: "argument": konwersja z "float" do "int", możliwa utrata danych
C:\Programowanie5\Arkanoid\Board.hpp(85,49): warning C4244: "argument": konwersja z "float" do "int", możliwa utrata danych
C:\Programowanie5\Arkanoid\Board.hpp(95,60): warning C4244: "argument": konwersja z "float" do "int", możliwa utrata danych
C:\Programowanie5\Arkanoid\Board.hpp(95,42): warning C4244: "argument": konwersja z "float" do "int", możliwa utrata danych
C:\Programowanie5\Arkanoid\Board.hpp(98,90): warning C4244: "argument": konwersja z "float" do "int", możliwa utrata danych
C:\Programowanie5\Arkanoid\Board.hpp(98,63): warning C4244: "argument": konwersja z "float" do "int", możliwa utrata danych
C:\Programowanie5\Arkanoid\Board.hpp(100,90): warning C4244: "argument": konwersja z "float" do "int", możliwa utrata danych
C:\Programowanie5\Arkanoid\Board.hpp(100,63): warning C4244: "argument": konwersja z "float" do "int", możliwa utrata danych
C:\Programowanie5\Arkanoid\Board.hpp(130,83): warning C4244: "argument": konwersja z "float" do "int", możliwa utrata danych
C:\Programowanie5\Arkanoid\Board.hpp(130,57): warning C4244: "argument": konwersja z "float" do "int", możliwa utrata danych
C:\Programowanie5\Arkanoid\Board.hpp(131,90): warning C4244: "argument": konwersja z "float" do "int", możliwa utrata danych
C:\Programowanie5\Arkanoid\Board.hpp(131,64): warning C4244: "argument": konwersja z "float" do "int", możliwa utrata danych
C:\Programowanie5\Arkanoid\Board.hpp(132,83): warning C4244: "argument": konwersja z "float" do "int", możliwa utrata danych
C:\Programowanie5\Arkanoid\Board.hpp(132,57): warning C4244: "argument": konwersja z "float" do "int", możliwa utrata danych
C:\Programowanie5\Arkanoid\Board.hpp(133,82): warning C4244: "argument": konwersja z "float" do "int", możliwa utrata danych
C:\Programowanie5\Arkanoid\Board.hpp(133,56): warning C4244: "argument": konwersja z "float" do "int", możliwa utrata danych
C:\Programowanie5\Arkanoid\Board.hpp(180,49): warning C4244: "argument": konwersja z "float" do "int", możliwa utrata danych
C:\Programowanie5\Arkanoid\Board.hpp(180,36): warning C4244: "argument": konwersja z "float" do "int", możliwa utrata danych
C:\Programowanie5\Arkanoid\Board.hpp(193,67): warning C4244: "argument": konwersja z "float" do "int", możliwa utrata danych
C:\Programowanie5\Arkanoid\Board.hpp(193,52): warning C4244: "argument": konwersja z "float" do "int", możliwa utrata danych
C:\Programowanie5\Arkanoid\Board.hpp(207,80): warning C4244: "argument": konwersja z "float" do "int", możliwa utrata danych
C:\Programowanie5\Arkanoid\Board.hpp(207,58): warning C4244: "argument": konwersja z "float" do "int", możliwa utrata danych
C:\Programowanie5\Arkanoid\Board.hpp(211,80): warning C4244: "argument": konwersja z "float" do "int", możliwa utrata danych
C:\Programowanie5\Arkanoid\Board.hpp(211,58): warning C4244: "argument": konwersja z "float" do "int", możliwa utrata danych
C:\Programowanie5\Arkanoid\Board.hpp(217,33): warning C4244: "argument": konwersja z "double" do "float", możliwa utrata danych
C:\Programowanie5\Arkanoid\Board.hpp(218,33): warning C4244: "argument": konwersja z "double" do "float", możliwa utrata danych
C:\Programowanie5\Arkanoid\Board.hpp(222,33): warning C4244: "argument": konwersja z "double" do "float", możliwa utrata danych
C:\Programowanie5\Arkanoid\Board.hpp(223,33): warning C4244: "argument": konwersja z "double" do "float", możliwa utrata danych
C:\Programowanie5\Arkanoid\Board.hpp(241,70): warning C4244: "argument": konwersja z "float" do "int", możliwa utrata danych
C:\Programowanie5\Arkanoid\Board.hpp(241,50): warning C4244: "argument": konwersja z "float" do "int", możliwa utrata danych
C:\Programowanie5\Arkanoid\Board.hpp(242,70): warning C4244: "argument": konwersja z "float" do "int", możliwa utrata danych
C:\Programowanie5\Arkanoid\Board.hpp(242,50): warning C4244: "argument": konwersja z "float" do "int", możliwa utrata danych
C:\Programowanie5\Arkanoid\Board.hpp(243,70): warning C4244: "argument": konwersja z "float" do "int", możliwa utrata danych
C:\Programowanie5\Arkanoid\Board.hpp(243,50): warning C4244: "argument": konwersja z "float" do "int", możliwa utrata danych
C:\Programowanie5\Arkanoid\Board.hpp(255,43): warning C4244: "argument": konwersja z "int" do "float", możliwa utrata danych
C:\Programowanie5\Arkanoid\Board.hpp(279,42): warning C4244: "argument": konwersja z "int" do "float", możliwa utrata danych
C:\Programowanie5\Arkanoid\Board.hpp(370,41): warning C4244: "argument": konwersja z "int" do "float", możliwa utrata danych
C:\Programowanie5\Arkanoid\Board.hpp(374,50): warning C4244: "=": konwersja z "time_t" do "int", możliwa utrata danych
C:\Programowanie5\Arkanoid\Board.hpp(379,1): warning C4305: "=": obcięcie z "double" do "float"
C:\Programowanie5\Arkanoid\Board.hpp(418,1): warning C4244: "*=": konwersja z "float" do "int", możliwa utrata danych
C:\Programowanie5\Arkanoid\Board.hpp(422,27): warning C4244: "=": konwersja z "double" do "int", możliwa utrata danych
C:\Programowanie5\Arkanoid\Board.hpp(436,19): warning C4244: "argument": konwersja z "int" do "float", możliwa utrata danych
C:\Programowanie5\Arkanoid\Board.hpp(459,34): warning C4244: "=": konwersja z "float" do "int", możliwa utrata danych
C:\Programowanie5\Arkanoid\Board.hpp(460,34): warning C4244: "=": konwersja z "float" do "int", możliwa utrata danych
C:\Programowanie5\Arkanoid\Board.hpp(463,34): warning C4244: "=": konwersja z "float" do "int", możliwa utrata danych
C:\Programowanie5\Arkanoid\Board.hpp(464,31): warning C4244: "=": konwersja z "float" do "int", możliwa utrata danych
C:\Programowanie5\Arkanoid\Board.hpp(467,34): warning C4244: "=": konwersja z "float" do "int", możliwa utrata danych
C:\Programowanie5\Arkanoid\Board.hpp(468,34): warning C4244: "=": konwersja z "float" do "int", możliwa utrata danych
C:\Programowanie5\Arkanoid\Board.hpp(471,31): warning C4244: "=": konwersja z "float" do "int", możliwa utrata danych
C:\Programowanie5\Arkanoid\Board.hpp(472,34): warning C4244: "=": konwersja z "float" do "int", możliwa utrata danych
C:\Programowanie5\Arkanoid\Board.hpp(475,34): warning C4244: "=": konwersja z "float" do "int", możliwa utrata danych
C:\Programowanie5\Arkanoid\Board.hpp(476,34): warning C4244: "=": konwersja z "float" do "int", możliwa utrata danych
C:\Programowanie5\Arkanoid\Board.hpp(479,34): warning C4244: "=": konwersja z "float" do "int", możliwa utrata danych
C:\Programowanie5\Arkanoid\Board.hpp(480,34): warning C4244: "=": konwersja z "float" do "int", możliwa utrata danych
C:\Programowanie5\Arkanoid\Board.hpp(483,34): warning C4244: "=": konwersja z "float" do "int", możliwa utrata danych
C:\Programowanie5\Arkanoid\Board.hpp(484,34): warning C4244: "=": konwersja z "float" do "int", możliwa utrata danych
C:\Programowanie5\Arkanoid\Board.hpp(487,34): warning C4244: "=": konwersja z "float" do "int", możliwa utrata danych
C:\Programowanie5\Arkanoid\Board.hpp(488,34): warning C4244: "=": konwersja z "float" do "int", możliwa utrata danych
C:\Programowanie5\Arkanoid\Board.hpp(630,81): warning C4244: "argument": konwersja z "float" do "int", możliwa utrata danych
C:\Programowanie5\Arkanoid\Board.hpp(630,56): warning C4244: "argument": konwersja z "float" do "int", możliwa utrata danych
C:\Programowanie5\Arkanoid\Board.hpp(634,88): warning C4244: "argument": konwersja z "float" do "int", możliwa utrata danych
C:\Programowanie5\Arkanoid\Board.hpp(634,63): warning C4244: "argument": konwersja z "float" do "int", możliwa utrata danych
C:\Programowanie5\Arkanoid\Board.hpp(639,79): warning C4244: "argument": konwersja z "float" do "int", możliwa utrata danych
C:\Programowanie5\Arkanoid\Board.hpp(639,54): warning C4244: "argument": konwersja z "float" do "int", możliwa utrata danych
C:\Programowanie5\Arkanoid\Board.hpp(644,80): warning C4244: "argument": konwersja z "float" do "int", możliwa utrata danych
C:\Programowanie5\Arkanoid\Board.hpp(644,55): warning C4244: "argument": konwersja z "float" do "int", możliwa utrata danych
  Arkanoid.vcxproj -> C:\Programowanie5\Arkanoid\x64\Debug\Arkanoid.exe
  0 File(s) copied
  A subdirectory or file C:\Programowanie5\Arkanoid\x64\Debug\data already exists.
  0 File(s) copied
